<?xml version="1.0" encoding="UTF-8"?>
<testng-results ignored="0" total="1" passed="1" failed="0" skipped="0">
  <reporter-output>
  </reporter-output>
  <suite started-at="2024-03-11T22:21:41 IST" name="Default suite" finished-at="2024-03-11T22:22:17 IST" duration-ms="35701">
    <groups>
    </groups>
    <test started-at="2024-03-11T22:21:41 IST" name="Default test" finished-at="2024-03-11T22:22:17 IST" duration-ms="35701">
      <class name="com.appium.android.testing.android.demoEcommerceAppTC1">
        <test-method is-config="true" signature="configAppiumServer()[pri:0, instance:com.appium.android.testing.android.demoEcommerceAppTC1@294425a7]" started-at="2024-03-11T22:21:41 IST" name="configAppiumServer" finished-at="2024-03-11T22:21:59 IST" duration-ms="18283" status="PASS">
          <reporter-output>
          </reporter-output>
        </test-method> <!-- configAppiumServer -->
        <test-method signature="enterValidLogin()[pri:0, instance:com.appium.android.testing.android.demoEcommerceAppTC1@294425a7]" started-at="2024-03-11T22:21:59 IST" name="enterValidLogin" finished-at="2024-03-11T22:22:16 IST" duration-ms="16388" status="PASS">
          <reporter-output>
          </reporter-output>
        </test-method> <!-- enterValidLogin -->
        <test-method is-config="true" signature="tearDown()[pri:0, instance:com.appium.android.testing.android.demoEcommerceAppTC1@294425a7]" started-at="2024-03-11T22:22:16 IST" name="tearDown" finished-at="2024-03-11T22:22:17 IST" duration-ms="964" status="PASS">
          <reporter-output>
          </reporter-output>
        </test-method> <!-- tearDown -->
      </class> <!-- com.appium.android.testing.android.demoEcommerceAppTC1 -->
    </test> <!-- Default test -->
  </suite> <!-- Default suite -->
</testng-results>
